Removed Pin From Net: NetName=BH Pin=C10-2
Removed Pin From Net: NetName=CH Pin=C11-2
Removed Pin From Net: NetName=AH Pin=C15-2
Removed Pin From Net: NetName=CL Pin=C16-2
Removed Pin From Net: NetName=AL Pin=C17-2
Removed Pin From Net: NetName=BL Pin=C18-2
Removed Pin From Net: NetName=PGND Pin=Q1-2
Removed Pin From Net: NetName=PGND Pin=Q2-2
Removed Pin From Net: NetName=PGND Pin=Q3-2
Removed Pin From Net: NetName=PGND Pin=Q4-2
Removed Pin From Net: NetName=PGND Pin=Q5-2
Removed Pin From Net: NetName=PGND Pin=Q6-2
Removed Pin From Net: NetName=36V Pin=R6-2
Removed Pin From Net: NetName=36V Pin=R7-2
Removed Pin From Net: NetName=36V Pin=R8-2
Removed Pin From Net: NetName=AH Pin=R9-1
Removed Pin From Net: NetName=BH Pin=R10-1
Removed Pin From Net: NetName=CH Pin=R11-1
Removed Pin From Net: NetName=12V Pin=R16-2
Removed Pin From Net: NetName=12V Pin=R17-2
Removed Pin From Net: NetName=12V Pin=R18-2
Removed Pin From Net: NetName=AL Pin=R21-1
Removed Pin From Net: NetName=BL Pin=R22-1
Removed Pin From Net: NetName=CL Pin=R23-1
Removed Member From Class: ClassName=Sheet1 Member=C10
Removed Member From Class: ClassName=Sheet1 Member=C11
Removed Member From Class: ClassName=Sheet1 Member=C15
Removed Member From Class: ClassName=Sheet1 Member=C16
Removed Member From Class: ClassName=Sheet1 Member=C17
Removed Member From Class: ClassName=Sheet1 Member=C18
Removed Member From Class: ClassName=Sheet1 Member=Q1
Removed Member From Class: ClassName=Sheet1 Member=Q2
Removed Member From Class: ClassName=Sheet1 Member=Q3
Removed Member From Class: ClassName=Sheet1 Member=Q4
Removed Member From Class: ClassName=Sheet1 Member=Q5
Removed Member From Class: ClassName=Sheet1 Member=Q6
Removed Member From Class: ClassName=Sheet1 Member=R6
Removed Member From Class: ClassName=Sheet1 Member=R7
Removed Member From Class: ClassName=Sheet1 Member=R8
Removed Member From Class: ClassName=Sheet1 Member=R9
Removed Member From Class: ClassName=Sheet1 Member=R10
Removed Member From Class: ClassName=Sheet1 Member=R11
Removed Member From Class: ClassName=Sheet1 Member=R16
Removed Member From Class: ClassName=Sheet1 Member=R17
Removed Member From Class: ClassName=Sheet1 Member=R18
Removed Member From Class: ClassName=Sheet1 Member=R21
Removed Member From Class: ClassName=Sheet1 Member=R22
Removed Member From Class: ClassName=Sheet1 Member=R23
Added Pin To Net: NetName=AH Pin=QAH1-G
Added Pin To Net: NetName=AL Pin=QAL1-G
Added Pin To Net: NetName=BH Pin=QBH1-G
Added Pin To Net: NetName=BL Pin=QBL1-G
Added Pin To Net: NetName=CH Pin=QCH1-G
Added Pin To Net: NetName=CL Pin=QCL1-G
