Added Component: Designator=1(LM27313)
Added Component: Designator=2(SOP14)
Added Component: Designator=3(0805D)
Added Component: Designator=4(0805D)
Added Component: Designator=5(0805D)
Added Component: Designator=6(SIP2)
Added Component: Designator=AEN1(0805D)
Added Component: Designator=BEN1(0805D)
Added Component: Designator=C1(CAP-MLCC-0603)
Added Component: Designator=C2(CAP-TAN-7343/CAPD)
Added Component: Designator=C3(0805C)
Added Component: Designator=C4(CAP-MLCC-0603)
Added Component: Designator=C5(CAP-MLCC-0603)
Added Component: Designator=C6(CAP-ELE-PIN200/DIA200)
Added Component: Designator=C7(CAP-MLCC-0603)
Added Component: Designator=C8(CAP-MLCC-0603)
Added Component: Designator=C9(CAP-MLCC-0603)
Added Component: Designator=C10(CAP-MLCC-0603)
Added Component: Designator=C11(CAP-MLCC-0603)
Added Component: Designator=C12(CAP-MLCC-0603)
Added Component: Designator=C13(6032C)
Added Component: Designator=C14(6032C)
Added Component: Designator=C15(CAP-MLCC-0603)
Added Component: Designator=C16(CAP-MLCC-0603)
Added Component: Designator=C17(0805C)
Added Component: Designator=CAN1(Green_4P)
Added Component: Designator=CEN1(0805D)
Added Component: Designator=Core1(STM32F103Small)
Added Component: Designator=D1(0805D)
Added Component: Designator=D2(0805D)
Added Component: Designator=D3(0805D)
Added Component: Designator=D4(SS34)
Added Component: Designator=HALL1(Green_5P)
Added Component: Designator=L1(CD52)
Added Component: Designator=L2(CD52)
Added Component: Designator=LM1(SOP14)
Added Component: Designator=POWER1(Green_5P)
Added Component: Designator=Q1(SOT-23B_N)
Added Component: Designator=Q2(SOT-23B_N)
Added Component: Designator=Q3(SOT-23B_N)
Added Component: Designator=Q4(SOT-23B_N)
Added Component: Designator=Q5(SOT-23B_N)
Added Component: Designator=Q6(SOT-23B_N)
Added Component: Designator=QAH1(LR7843)
Added Component: Designator=QAL1(LR7843)
Added Component: Designator=QBH1(LR7843)
Added Component: Designator=QBL1(LR7843)
Added Component: Designator=QCH1(LR7843)
Added Component: Designator=QCL1(LR7843)
Added Component: Designator=R1(RES-0603)
Added Component: Designator=R2(RES-0603)
Added Component: Designator=R3(RES-0603)
Added Component: Designator=R4(RES-0603)
Added Component: Designator=R5(RES-0603)
Added Component: Designator=R6(RES-0603)
Added Component: Designator=R7(RES-0603)
Added Component: Designator=R8(RES-0603)
Added Component: Designator=R9(RES-0603)
Added Component: Designator=R10(RES-0603)
Added Component: Designator=R11(RES-0603)
Added Component: Designator=R12(RES-0603)
Added Component: Designator=R13(RES-0603)
Added Component: Designator=R14(RES-0603)
Added Component: Designator=R15(RES-0603)
Added Component: Designator=R16(RES-0603)
Added Component: Designator=R17(RES-0603)
Added Component: Designator=R18(RES-0603)
Added Component: Designator=R19(RES-0603)
Added Component: Designator=R20(RES-0603)
Added Component: Designator=R21(RES-0603)
Added Component: Designator=R22(RES-0603)
Added Component: Designator=R23(RES-0603)
Added Component: Designator=R24(RES-0603)
Added Component: Designator=R25(RES-0603)
Added Component: Designator=R26(RES-0603)
Added Component: Designator=R27(RES-0603)
Added Component: Designator=R28(RES-0603)
Added Component: Designator=R29(RES-0603)
Added Component: Designator=R30(RES-0603)
Added Component: Designator=R31(RES-0603)
Added Component: Designator=R32(RES-0603)
Added Component: Designator=R33(RES-0603)
Added Component: Designator=R34(RES-0603)
Added Component: Designator=R35(RES-0603)
Added Component: Designator=R36(RES-0603)
Added Component: Designator=R37(RES-0603)
Added Component: Designator=R38(RES-0603)
Added Component: Designator=R39(RES-0603)
Added Component: Designator=R40(RES-0603)
Added Component: Designator=R41(RES-0603)
Added Component: Designator=R42(RES-0603)
Added Component: Designator=RA1(2512R)
Added Component: Designator=RB1(2512R)
Added Component: Designator=RC1(2512R)
Added Component: Designator=RF1(RES-0603)
Added Component: Designator=RF2(RES-0603)
Added Component: Designator=RF3(RES-0603)
Added Component: Designator=RIA1(RES-0603)
Added Component: Designator=RIA2(RES-0603)
Added Component: Designator=TJA1(TJA1050)
Added Component: Designator=TLP_HALL1(SOP16)
Added Component: Designator=TPS1(TPS5430)
Added Component: Designator=U1(LM1117)
Added Component: Designator=USART1(Green_4P)
Added Pin To Net: NetName=Net1_1 Pin=1-1
Added Pin To Net: NetName=PGND Pin=1-2
Added Pin To Net: NetName=Net1_3 Pin=1-3
Added Pin To Net: NetName=Net1_4 Pin=1-4
Added Pin To Net: NetName=5V Pin=1-5
Added Pin To Net: NetName=CHANGEB Pin=2-1
Added Pin To Net: NetName=CHANGEA Pin=2-2
Added Pin To Net: NetName=3.3V Pin=2-3
Added Pin To Net: NetName=VCOM Pin=2-4
Added Pin To Net: NetName=VA Pin=2-5
Added Pin To Net: NetName=VCOM Pin=2-6
Added Pin To Net: NetName=VB Pin=2-7
Added Pin To Net: NetName=VCOM Pin=2-8
Added Pin To Net: NetName=VC Pin=2-9
Added Pin To Net: NetName=GND Pin=2-12
Added Pin To Net: NetName=CHANGEC Pin=2-14
Added Pin To Net: NetName=Net3_A Pin=3-A
Added Pin To Net: NetName=PGND Pin=3-K
Added Pin To Net: NetName=Net4_A Pin=4-A
Added Pin To Net: NetName=PGND Pin=4-K
Added Pin To Net: NetName=Net5_A Pin=5-A
Added Pin To Net: NetName=PGND Pin=5-K
Added Pin To Net: NetName=Net6_1 Pin=6-1
Added Pin To Net: NetName=CAN_L Pin=6-2
Added Pin To Net: NetName=NetAEN1_A Pin=AEN1-A
Added Pin To Net: NetName=AEN Pin=AEN1-K
Added Pin To Net: NetName=NetBEN1_A Pin=BEN1-A
Added Pin To Net: NetName=BEN Pin=BEN1-K
Added Pin To Net: NetName=NetC1_1 Pin=C1-1
Added Pin To Net: NetName=NetC1_2 Pin=C1-2
Added Pin To Net: NetName=5V Pin=C2-1
Added Pin To Net: NetName=PGND Pin=C2-2
Added Pin To Net: NetName=24V Pin=C3-1
Added Pin To Net: NetName=PGND Pin=C3-2
Added Pin To Net: NetName=PGND Pin=C4-1
Added Pin To Net: NetName=5V Pin=C4-2
Added Pin To Net: NetName=Net1_3 Pin=C5-1
Added Pin To Net: NetName=12V Pin=C5-2
Added Pin To Net: NetName=36V Pin=C6-1
Added Pin To Net: NetName=PGND Pin=C6-2
Added Pin To Net: NetName=BLDCA Pin=C7-1
Added Pin To Net: NetName=NetC7_2 Pin=C7-2
Added Pin To Net: NetName=PGND Pin=C8-1
Added Pin To Net: NetName=Net1_3 Pin=C8-2
Added Pin To Net: NetName=PGND Pin=C9-1
Added Pin To Net: NetName=5V Pin=C9-2
Added Pin To Net: NetName=PGND Pin=C10-1
Added Pin To Net: NetName=VB Pin=C10-2
Added Pin To Net: NetName=VA Pin=C11-1
Added Pin To Net: NetName=PGND Pin=C11-2
Added Pin To Net: NetName=VC Pin=C12-1
Added Pin To Net: NetName=PGND Pin=C12-2
Added Pin To Net: NetName=5V Pin=C13-1
Added Pin To Net: NetName=GND Pin=C13-2
Added Pin To Net: NetName=3.3V Pin=C14-1
Added Pin To Net: NetName=GND Pin=C14-2
Added Pin To Net: NetName=5V Pin=C15-1
Added Pin To Net: NetName=GND Pin=C15-2
Added Pin To Net: NetName=3.3V Pin=C16-1
Added Pin To Net: NetName=GND Pin=C16-2
Added Pin To Net: NetName=5V Pin=C17-1
Added Pin To Net: NetName=GND Pin=C17-2
Added Pin To Net: NetName=CAN_H Pin=CAN1-1
Added Pin To Net: NetName=CAN_L Pin=CAN1-2
Added Pin To Net: NetName=CAN_H Pin=CAN1-3
Added Pin To Net: NetName=CAN_L Pin=CAN1-4
Added Pin To Net: NetName=NetCEN1_A Pin=CEN1-A
Added Pin To Net: NetName=CEN Pin=CEN1-K
Added Pin To Net: NetName=3.3V Pin=Core1-1
Added Pin To Net: NetName=3.3V Pin=Core1-2
Added Pin To Net: NetName=GND Pin=Core1-4
Added Pin To Net: NetName=GND Pin=Core1-5
Added Pin To Net: NetName=CHANGEC Pin=Core1-6
Added Pin To Net: NetName=CHANGEB Pin=Core1-7
Added Pin To Net: NetName=CHANGEA Pin=Core1-8
Added Pin To Net: NetName=CL Pin=Core1-10
Added Pin To Net: NetName=CH Pin=Core1-11
Added Pin To Net: NetName=BL Pin=Core1-12
Added Pin To Net: NetName=BH Pin=Core1-13
Added Pin To Net: NetName=AL Pin=Core1-17
Added Pin To Net: NetName=AH Pin=Core1-18
Added Pin To Net: NetName=IA2 Pin=Core1-19
Added Pin To Net: NetName=IB2 Pin=Core1-20
Added Pin To Net: NetName=IC2 Pin=Core1-21
Added Pin To Net: NetName=HALL_A Pin=Core1-27
Added Pin To Net: NetName=HALL_B Pin=Core1-28
Added Pin To Net: NetName=HALL_C Pin=Core1-29
Added Pin To Net: NetName=CAN_TX Pin=Core1-38
Added Pin To Net: NetName=CAN_RX Pin=Core1-39
Added Pin To Net: NetName=RXD Pin=Core1-40
Added Pin To Net: NetName=TXD Pin=Core1-41
Added Pin To Net: NetName=Net1_1 Pin=D1-A
Added Pin To Net: NetName=12V Pin=D1-K
Added Pin To Net: NetName=NetC7_2 Pin=D2-A
Added Pin To Net: NetName=36V Pin=D2-K
Added Pin To Net: NetName=12V Pin=D3-A
Added Pin To Net: NetName=NetC7_2 Pin=D3-K
Added Pin To Net: NetName=PGND Pin=D4-A
Added Pin To Net: NetName=NetC1_2 Pin=D4-K
Added Pin To Net: NetName=5V Pin=HALL1-1
Added Pin To Net: NetName=H_A Pin=HALL1-2
Added Pin To Net: NetName=H_B Pin=HALL1-3
Added Pin To Net: NetName=H_C Pin=HALL1-4
Added Pin To Net: NetName=PGND Pin=HALL1-5
Added Pin To Net: NetName=5V Pin=L1-1
Added Pin To Net: NetName=Net1_1 Pin=L1-2
Added Pin To Net: NetName=NetC1_2 Pin=L2-1
Added Pin To Net: NetName=5V Pin=L2-2
Added Pin To Net: NetName=IA2 Pin=LM1-1
Added Pin To Net: NetName=NetLM1_2 Pin=LM1-2
Added Pin To Net: NetName=PGND Pin=LM1-3
Added Pin To Net: NetName=3.3V Pin=LM1-4
Added Pin To Net: NetName=PGND Pin=LM1-5
Added Pin To Net: NetName=NetLM1_6 Pin=LM1-6
Added Pin To Net: NetName=IB2 Pin=LM1-7
Added Pin To Net: NetName=IC2 Pin=LM1-8
Added Pin To Net: NetName=NetLM1_9 Pin=LM1-9
Added Pin To Net: NetName=PGND Pin=LM1-10
Added Pin To Net: NetName=PGND Pin=LM1-11
Added Pin To Net: NetName=24V Pin=POWER1-1
Added Pin To Net: NetName=PGND Pin=POWER1-2
Added Pin To Net: NetName=BLDCA Pin=POWER1-3
Added Pin To Net: NetName=BLDCB Pin=POWER1-4
Added Pin To Net: NetName=BLDCC Pin=POWER1-5
Added Pin To Net: NetName=NetQ1_1 Pin=Q1-1
Added Pin To Net: NetName=PGND Pin=Q1-2
Added Pin To Net: NetName=NetQ1_3 Pin=Q1-3
Added Pin To Net: NetName=NetQ2_1 Pin=Q2-1
Added Pin To Net: NetName=PGND Pin=Q2-2
Added Pin To Net: NetName=NetQ2_3 Pin=Q2-3
Added Pin To Net: NetName=NetQ3_1 Pin=Q3-1
Added Pin To Net: NetName=PGND Pin=Q3-2
Added Pin To Net: NetName=NetQ3_3 Pin=Q3-3
Added Pin To Net: NetName=NetQ4_1 Pin=Q4-1
Added Pin To Net: NetName=PGND Pin=Q4-2
Added Pin To Net: NetName=NetQ4_3 Pin=Q4-3
Added Pin To Net: NetName=NetQ5_1 Pin=Q5-1
Added Pin To Net: NetName=PGND Pin=Q5-2
Added Pin To Net: NetName=NetQ5_3 Pin=Q5-3
Added Pin To Net: NetName=NetQ6_1 Pin=Q6-1
Added Pin To Net: NetName=PGND Pin=Q6-2
Added Pin To Net: NetName=NetQ6_3 Pin=Q6-3
Added Pin To Net: NetName=24V Pin=QAH1-D
Added Pin To Net: NetName=NetQ1_3 Pin=QAH1-G
Added Pin To Net: NetName=BLDCA Pin=QAH1-S
Added Pin To Net: NetName=BLDCA Pin=QAL1-D
Added Pin To Net: NetName=NetQ4_3 Pin=QAL1-G
Added Pin To Net: NetName=IA Pin=QAL1-S
Added Pin To Net: NetName=24V Pin=QBH1-D
Added Pin To Net: NetName=NetQ2_3 Pin=QBH1-G
Added Pin To Net: NetName=BLDCB Pin=QBH1-S
Added Pin To Net: NetName=BLDCB Pin=QBL1-D
Added Pin To Net: NetName=NetQ5_3 Pin=QBL1-G
Added Pin To Net: NetName=IB Pin=QBL1-S
Added Pin To Net: NetName=24V Pin=QCH1-D
Added Pin To Net: NetName=NetQ3_3 Pin=QCH1-G
Added Pin To Net: NetName=BLDCC Pin=QCH1-S
Added Pin To Net: NetName=BLDCC Pin=QCL1-D
Added Pin To Net: NetName=NetQ6_3 Pin=QCL1-G
Added Pin To Net: NetName=IC Pin=QCL1-S
Added Pin To Net: NetName=NetR1_1 Pin=R1-1
Added Pin To Net: NetName=5V Pin=R1-2
Added Pin To Net: NetName=5V Pin=R2-1
Added Pin To Net: NetName=Net1_4 Pin=R2-2
Added Pin To Net: NetName=12V Pin=R3-1
Added Pin To Net: NetName=Net1_3 Pin=R3-2
Added Pin To Net: NetName=PGND Pin=R4-1
Added Pin To Net: NetName=NetR1_1 Pin=R4-2
Added Pin To Net: NetName=Net1_3 Pin=R5-1
Added Pin To Net: NetName=PGND Pin=R5-2
Added Pin To Net: NetName=NetQ1_3 Pin=R6-1
Added Pin To Net: NetName=36V Pin=R6-2
Added Pin To Net: NetName=NetQ2_3 Pin=R7-1
Added Pin To Net: NetName=36V Pin=R7-2
Added Pin To Net: NetName=NetQ3_3 Pin=R8-1
Added Pin To Net: NetName=36V Pin=R8-2
Added Pin To Net: NetName=AH Pin=R9-1
Added Pin To Net: NetName=NetQ1_1 Pin=R9-2
Added Pin To Net: NetName=BH Pin=R10-1
Added Pin To Net: NetName=NetQ2_1 Pin=R10-2
Added Pin To Net: NetName=CH Pin=R11-1
Added Pin To Net: NetName=NetQ3_1 Pin=R11-2
Added Pin To Net: NetName=BLDCA Pin=R12-1
Added Pin To Net: NetName=VA Pin=R12-2
Added Pin To Net: NetName=VA Pin=R13-1
Added Pin To Net: NetName=VCOM Pin=R13-2
Added Pin To Net: NetName=BLDCB Pin=R14-1
Added Pin To Net: NetName=VB Pin=R14-2
Added Pin To Net: NetName=VB Pin=R15-1
Added Pin To Net: NetName=VCOM Pin=R15-2
Added Pin To Net: NetName=NetQ4_3 Pin=R16-1
Added Pin To Net: NetName=12V Pin=R16-2
Added Pin To Net: NetName=NetQ5_3 Pin=R17-1
Added Pin To Net: NetName=12V Pin=R17-2
Added Pin To Net: NetName=NetQ6_3 Pin=R18-1
Added Pin To Net: NetName=12V Pin=R18-2
Added Pin To Net: NetName=BLDCC Pin=R19-1
Added Pin To Net: NetName=VC Pin=R19-2
Added Pin To Net: NetName=VC Pin=R20-1
Added Pin To Net: NetName=VCOM Pin=R20-2
Added Pin To Net: NetName=AL Pin=R21-1
Added Pin To Net: NetName=NetQ4_1 Pin=R21-2
Added Pin To Net: NetName=BL Pin=R22-1
Added Pin To Net: NetName=NetQ5_1 Pin=R22-2
Added Pin To Net: NetName=CL Pin=R23-1
Added Pin To Net: NetName=NetQ6_1 Pin=R23-2
Added Pin To Net: NetName=PGND Pin=R24-1
Added Pin To Net: NetName=VB Pin=R24-2
Added Pin To Net: NetName=PGND Pin=R25-1
Added Pin To Net: NetName=VC Pin=R25-2
Added Pin To Net: NetName=PGND Pin=R26-1
Added Pin To Net: NetName=VA Pin=R26-2
Added Pin To Net: NetName=CHANGEA Pin=R27-1
Added Pin To Net: NetName=3.3V Pin=R27-2
Added Pin To Net: NetName=CHANGEB Pin=R28-1
Added Pin To Net: NetName=3.3V Pin=R28-2
Added Pin To Net: NetName=CHANGEC Pin=R29-1
Added Pin To Net: NetName=3.3V Pin=R29-2
Added Pin To Net: NetName=HALL_A Pin=R30-1
Added Pin To Net: NetName=3.3V Pin=R30-2
Added Pin To Net: NetName=Net3_A Pin=R31-1
Added Pin To Net: NetName=12V Pin=R31-2
Added Pin To Net: NetName=Net4_A Pin=R32-1
Added Pin To Net: NetName=24V Pin=R32-2
Added Pin To Net: NetName=Net5_A Pin=R33-1
Added Pin To Net: NetName=5V Pin=R33-2
Added Pin To Net: NetName=NetAEN1_A Pin=R34-1
Added Pin To Net: NetName=3.3V Pin=R34-2
Added Pin To Net: NetName=NetBEN1_A Pin=R35-1
Added Pin To Net: NetName=3.3V Pin=R35-2
Added Pin To Net: NetName=NetCEN1_A Pin=R36-1
Added Pin To Net: NetName=3.3V Pin=R36-2
Added Pin To Net: NetName=H_A Pin=R37-1
Added Pin To Net: NetName=NetR37_2 Pin=R37-2
Added Pin To Net: NetName=HALL_B Pin=R38-1
Added Pin To Net: NetName=3.3V Pin=R38-2
Added Pin To Net: NetName=H_B Pin=R39-1
Added Pin To Net: NetName=NetR39_2 Pin=R39-2
Added Pin To Net: NetName=HALL_C Pin=R40-1
Added Pin To Net: NetName=3.3V Pin=R40-2
Added Pin To Net: NetName=H_C Pin=R41-1
Added Pin To Net: NetName=NetR41_2 Pin=R41-2
Added Pin To Net: NetName=CAN_H Pin=R42-1
Added Pin To Net: NetName=Net6_1 Pin=R42-2
Added Pin To Net: NetName=PGND Pin=RA1-1
Added Pin To Net: NetName=IA Pin=RA1-2
Added Pin To Net: NetName=PGND Pin=RB1-1
Added Pin To Net: NetName=IB Pin=RB1-2
Added Pin To Net: NetName=PGND Pin=RC1-1
Added Pin To Net: NetName=IC Pin=RC1-2
Added Pin To Net: NetName=IA2 Pin=RF1-1
Added Pin To Net: NetName=NetLM1_2 Pin=RF1-2
Added Pin To Net: NetName=IB2 Pin=RF2-1
Added Pin To Net: NetName=NetLM1_6 Pin=RF2-2
Added Pin To Net: NetName=IC2 Pin=RF3-1
Added Pin To Net: NetName=NetLM1_9 Pin=RF3-2
Added Pin To Net: NetName=NetLM1_2 Pin=RIA1-1
Added Pin To Net: NetName=IA Pin=RIA1-2
Added Pin To Net: NetName=NetLM1_6 Pin=RIA2-1
Added Pin To Net: NetName=IB Pin=RIA2-2
Added Pin To Net: NetName=CAN_TX Pin=TJA1-1
Added Pin To Net: NetName=GND Pin=TJA1-2
Added Pin To Net: NetName=5V Pin=TJA1-3
Added Pin To Net: NetName=CAN_RX Pin=TJA1-4
Added Pin To Net: NetName=GND Pin=TJA1-5
Added Pin To Net: NetName=CAN_H Pin=TJA1-6
Added Pin To Net: NetName=CAN_L Pin=TJA1-7
Added Pin To Net: NetName=5V Pin=TLP_HALL1-1
Added Pin To Net: NetName=NetR37_2 Pin=TLP_HALL1-2
Added Pin To Net: NetName=5V Pin=TLP_HALL1-3
Added Pin To Net: NetName=NetR39_2 Pin=TLP_HALL1-4
Added Pin To Net: NetName=5V Pin=TLP_HALL1-5
Added Pin To Net: NetName=NetR41_2 Pin=TLP_HALL1-6
Added Pin To Net: NetName=GND Pin=TLP_HALL1-11
Added Pin To Net: NetName=HALL_C Pin=TLP_HALL1-12
Added Pin To Net: NetName=GND Pin=TLP_HALL1-13
Added Pin To Net: NetName=HALL_B Pin=TLP_HALL1-14
Added Pin To Net: NetName=GND Pin=TLP_HALL1-15
Added Pin To Net: NetName=HALL_A Pin=TLP_HALL1-16
Added Pin To Net: NetName=NetC1_1 Pin=TPS1-1
Added Pin To Net: NetName=NetR1_1 Pin=TPS1-4
Added Pin To Net: NetName=PGND Pin=TPS1-6
Added Pin To Net: NetName=24V Pin=TPS1-7
Added Pin To Net: NetName=NetC1_2 Pin=TPS1-8
Added Pin To Net: NetName=PGND Pin=TPS1-9
Added Pin To Net: NetName=GND Pin=U1-1
Added Pin To Net: NetName=3.3V Pin=U1-2
Added Pin To Net: NetName=5V Pin=U1-3
Added Pin To Net: NetName=3.3V Pin=USART1-1
Added Pin To Net: NetName=GND Pin=USART1-2
Added Pin To Net: NetName=TXD Pin=USART1-3
Added Pin To Net: NetName=RXD Pin=USART1-4
Added Member To Class: ClassName=Sheet1 Member=Component 1 LM27313
Added Member To Class: ClassName=Sheet1 Member=Component 2 LM339
Added Member To Class: ClassName=Sheet1 Member=Component 3 lED
Added Member To Class: ClassName=Sheet1 Member=Component 4 lED
Added Member To Class: ClassName=Sheet1 Member=Component 5 lED
Added Member To Class: ClassName=Sheet1 Member=Component 6 Header 2
Added Member To Class: ClassName=Sheet1 Member=Component AEN1 lED
Added Member To Class: ClassName=Sheet1 Member=Component BEN1 lED
Added Member To Class: ClassName=Sheet1 Member=Component C1 Cap
Added Member To Class: ClassName=Sheet1 Member=Component C2 Cap Pol1
Added Member To Class: ClassName=Sheet1 Member=Component C3 Cap
Added Member To Class: ClassName=Sheet1 Member=Component C4 Cap
Added Member To Class: ClassName=Sheet1 Member=Component C5 Cap
Added Member To Class: ClassName=Sheet1 Member=Component C6 *¦ÌF
Added Member To Class: ClassName=Sheet1 Member=Component C7 Cap
Added Member To Class: ClassName=Sheet1 Member=Component C8 Cap
Added Member To Class: ClassName=Sheet1 Member=Component C9 Cap
Added Member To Class: ClassName=Sheet1 Member=Component C10 Cap
Added Member To Class: ClassName=Sheet1 Member=Component C11 Cap
Added Member To Class: ClassName=Sheet1 Member=Component C12 Cap
Added Member To Class: ClassName=Sheet1 Member=Component C13 Cap Pol
Added Member To Class: ClassName=Sheet1 Member=Component C14 Cap Pol
Added Member To Class: ClassName=Sheet1 Member=Component C15 Cap
Added Member To Class: ClassName=Sheet1 Member=Component C16 Cap
Added Member To Class: ClassName=Sheet1 Member=Component C17 Cap
Added Member To Class: ClassName=Sheet1 Member=Component CAN1 Header 4
Added Member To Class: ClassName=Sheet1 Member=Component CEN1 lED
Added Member To Class: ClassName=Sheet1 Member=Component Core1 STM32F103 SMALL
Added Member To Class: ClassName=Sheet1 Member=Component D1 1N5819
Added Member To Class: ClassName=Sheet1 Member=Component D2 1N5819
Added Member To Class: ClassName=Sheet1 Member=Component D3 1N5819
Added Member To Class: ClassName=Sheet1 Member=Component D4 Diode
Added Member To Class: ClassName=Sheet1 Member=Component HALL1 Header 5
Added Member To Class: ClassName=Sheet1 Member=Component L1 Inductor
Added Member To Class: ClassName=Sheet1 Member=Component L2 Inductor
Added Member To Class: ClassName=Sheet1 Member=Component LM1 LM324
Added Member To Class: ClassName=Sheet1 Member=Component POWER1 Header 5
Added Member To Class: ClassName=Sheet1 Member=Component Q1 8050
Added Member To Class: ClassName=Sheet1 Member=Component Q2 8050
Added Member To Class: ClassName=Sheet1 Member=Component Q3 8050
Added Member To Class: ClassName=Sheet1 Member=Component Q4 8050
Added Member To Class: ClassName=Sheet1 Member=Component Q5 8050
Added Member To Class: ClassName=Sheet1 Member=Component Q6 8050
Added Member To Class: ClassName=Sheet1 Member=Component QAH1 LR7843
Added Member To Class: ClassName=Sheet1 Member=Component QAL1 LR7843
Added Member To Class: ClassName=Sheet1 Member=Component QBH1 LR7843
Added Member To Class: ClassName=Sheet1 Member=Component QBL1 LR7843
Added Member To Class: ClassName=Sheet1 Member=Component QCH1 LR7843
Added Member To Class: ClassName=Sheet1 Member=Component QCL1 LR7843
Added Member To Class: ClassName=Sheet1 Member=Component R1 Res1
Added Member To Class: ClassName=Sheet1 Member=Component R2 Res1
Added Member To Class: ClassName=Sheet1 Member=Component R3 Res1
Added Member To Class: ClassName=Sheet1 Member=Component R4 Res1
Added Member To Class: ClassName=Sheet1 Member=Component R5 Res1
Added Member To Class: ClassName=Sheet1 Member=Component R6 Res1
Added Member To Class: ClassName=Sheet1 Member=Component R7 Res1
Added Member To Class: ClassName=Sheet1 Member=Component R8 Res1
Added Member To Class: ClassName=Sheet1 Member=Component R9 Res1
Added Member To Class: ClassName=Sheet1 Member=Component R10 Res1
Added Member To Class: ClassName=Sheet1 Member=Component R11 Res1
Added Member To Class: ClassName=Sheet1 Member=Component R12 Res1
Added Member To Class: ClassName=Sheet1 Member=Component R13 Res1
Added Member To Class: ClassName=Sheet1 Member=Component R14 Res1
Added Member To Class: ClassName=Sheet1 Member=Component R15 Res1
Added Member To Class: ClassName=Sheet1 Member=Component R16 Res1
Added Member To Class: ClassName=Sheet1 Member=Component R17 Res1
Added Member To Class: ClassName=Sheet1 Member=Component R18 Res1
Added Member To Class: ClassName=Sheet1 Member=Component R19 Res1
Added Member To Class: ClassName=Sheet1 Member=Component R20 Res1
Added Member To Class: ClassName=Sheet1 Member=Component R21 Res1
Added Member To Class: ClassName=Sheet1 Member=Component R22 Res1
Added Member To Class: ClassName=Sheet1 Member=Component R23 Res1
Added Member To Class: ClassName=Sheet1 Member=Component R24 Res1
Added Member To Class: ClassName=Sheet1 Member=Component R25 Res1
Added Member To Class: ClassName=Sheet1 Member=Component R26 Res1
Added Member To Class: ClassName=Sheet1 Member=Component R27 Res1
Added Member To Class: ClassName=Sheet1 Member=Component R28 Res1
Added Member To Class: ClassName=Sheet1 Member=Component R29 Res1
Added Member To Class: ClassName=Sheet1 Member=Component R30 Res1
Added Member To Class: ClassName=Sheet1 Member=Component R31 Res1
Added Member To Class: ClassName=Sheet1 Member=Component R32 Res1
Added Member To Class: ClassName=Sheet1 Member=Component R33 Res1
Added Member To Class: ClassName=Sheet1 Member=Component R34 Res1
Added Member To Class: ClassName=Sheet1 Member=Component R35 Res1
Added Member To Class: ClassName=Sheet1 Member=Component R36 Res1
Added Member To Class: ClassName=Sheet1 Member=Component R37 Res1
Added Member To Class: ClassName=Sheet1 Member=Component R38 Res1
Added Member To Class: ClassName=Sheet1 Member=Component R39 Res1
Added Member To Class: ClassName=Sheet1 Member=Component R40 Res1
Added Member To Class: ClassName=Sheet1 Member=Component R41 Res1
Added Member To Class: ClassName=Sheet1 Member=Component R42 Res1
Added Member To Class: ClassName=Sheet1 Member=Component RA1 Res1
Added Member To Class: ClassName=Sheet1 Member=Component RB1 Res1
Added Member To Class: ClassName=Sheet1 Member=Component RC1 Res1
Added Member To Class: ClassName=Sheet1 Member=Component RF1 Res1
Added Member To Class: ClassName=Sheet1 Member=Component RF2 Res1
Added Member To Class: ClassName=Sheet1 Member=Component RF3 Res1
Added Member To Class: ClassName=Sheet1 Member=Component RIA1 Res1
Added Member To Class: ClassName=Sheet1 Member=Component RIA2 Res1
Added Member To Class: ClassName=Sheet1 Member=Component TJA1 TJA1050
Added Member To Class: ClassName=Sheet1 Member=Component TLP_HALL1 TLP281-4
Added Member To Class: ClassName=Sheet1 Member=Component TPS1 TPS5430
Added Member To Class: ClassName=Sheet1 Member=Component U1 tlv1117-3.3
Added Member To Class: ClassName=Sheet1 Member=Component USART1 Header 4
Added Room: Name=Sheet1
