Change Component Designator: OldDesignator=C10 NewDesignator=C12
Change Component Designator: OldDesignator=C11 NewDesignator=C13
Change Component Designator: OldDesignator=C12 NewDesignator=C14
Change Component Designator: OldDesignator=C13 NewDesignator=C19
Change Component Designator: OldDesignator=C14 NewDesignator=C20
Change Component Designator: OldDesignator=C15 NewDesignator=C21
Change Component Designator: OldDesignator=C16 NewDesignator=C22
Change Component Designator: OldDesignator=C17 NewDesignator=C23
Change Component Designator: OldDesignator=USART2 NewDesignator=USART1
Added Component: Designator=C10(CAP-MLCC-0603)
Added Component: Designator=C11(CAP-MLCC-0603)
Added Component: Designator=C15(CAP-MLCC-0603)
Added Component: Designator=C16(CAP-MLCC-0603)
Added Component: Designator=C17(CAP-MLCC-0603)
Added Component: Designator=C18(CAP-MLCC-0603)
Added Pin To Net: NetName=BH Pin=C10-2
Added Pin To Net: NetName=CH Pin=C11-2
Added Pin To Net: NetName=AH Pin=C15-2
Added Pin To Net: NetName=CL Pin=C16-2
Added Pin To Net: NetName=AL Pin=C17-2
Added Pin To Net: NetName=BL Pin=C18-2
Added Pin To Net: NetName=NetC10_1 Pin=C10-1
Added Pin To Net: NetName=NetC10_1 Pin=Q2-1
Added Pin To Net: NetName=NetC10_1 Pin=R10-2
Added Net: Name=NetC10_1
Added Pin To Net: NetName=NetC11_1 Pin=C11-1
Added Pin To Net: NetName=NetC11_1 Pin=Q3-1
Added Pin To Net: NetName=NetC11_1 Pin=R11-2
Added Net: Name=NetC11_1
Added Pin To Net: NetName=NetC15_1 Pin=C15-1
Added Pin To Net: NetName=NetC15_1 Pin=Q1-1
Added Pin To Net: NetName=NetC15_1 Pin=R9-2
Added Net: Name=NetC15_1
Added Pin To Net: NetName=NetC16_1 Pin=C16-1
Added Pin To Net: NetName=NetC16_1 Pin=Q6-1
Added Pin To Net: NetName=NetC16_1 Pin=R23-2
Added Net: Name=NetC16_1
Added Pin To Net: NetName=NetC17_1 Pin=C17-1
Added Pin To Net: NetName=NetC17_1 Pin=Q4-1
Added Pin To Net: NetName=NetC17_1 Pin=R21-2
Added Net: Name=NetC17_1
Added Pin To Net: NetName=NetC18_1 Pin=C18-1
Added Pin To Net: NetName=NetC18_1 Pin=Q5-1
Added Pin To Net: NetName=NetC18_1 Pin=R22-2
Added Net: Name=NetC18_1
Added Member To Class: ClassName=Sheet1 Member=Component C18 Cap
Added Member To Class: ClassName=Sheet1 Member=Component C19 Cap Pol
Added Member To Class: ClassName=Sheet1 Member=Component C20 Cap Pol
Added Member To Class: ClassName=Sheet1 Member=Component C21 Cap
Added Member To Class: ClassName=Sheet1 Member=Component C22 Cap
Added Member To Class: ClassName=Sheet1 Member=Component C23 Cap
Added Room: Name=Sheet1
