Removed Pin From Net: NetName=PGND Pin=C6-2
Removed Pin From Net: NetName=BLDCA Pin=C7-1
Removed Pin From Net: NetName=CH Pin=Core1-40
Removed Pin From Net: NetName=BH Pin=Core1-41
Removed Pin From Net: NetName=AH Pin=Core1-42
Removed Pin From Net: NetName=CL Pin=Core1-47
Removed Pin From Net: NetName=BL Pin=Core1-48
Removed Pin From Net: NetName=AL Pin=Core1-49
Removed Pin From Net: NetName=AH Pin=QAH1-G
Removed Pin From Net: NetName=AL Pin=QAL1-G
Removed Pin From Net: NetName=BH Pin=QBH1-G
Removed Pin From Net: NetName=BL Pin=QBL1-G
Removed Pin From Net: NetName=CH Pin=QCH1-G
Removed Pin From Net: NetName=CL Pin=QCL1-G
Removed Pin From Net: NetName=12V Pin=R31-2
Change Component DesignItemId : Designator=C6 Old DesignItemId=CAP-ELE New DesignItemId=Cap
Change Component DesignItemId : Designator=D2 Old DesignItemId=D-MBRA140T3 New DesignItemId=Diode
Change Component DesignItemId : Designator=D3 Old DesignItemId=D-MBRA140T3 New DesignItemId=Diode
Change Component Footprint: Designator=C6 Old Footprint=CAP-ELE-PIN200/DIA200 New Footprint=0805C
Change Component Footprint: Designator=C7 Old Footprint=CAP-MLCC-0603 New Footprint=0805C
Change Component Comment : Designator=C6 Old Comment=*μF New Comment=Cap
Change Component Comment : Designator=D2 Old Comment=1N5819 New Comment=Diode
Change Component Comment : Designator=D3 Old Comment=1N5819 New Comment=Diode
Change Component Description : Designator=D2 Old Description=MBRA140T3 New Description=
Change Component Description : Designator=D3 Old Description=MBRA140T3 New Description=
Change Component Library : Designator=D2 Old Library=常用器件.SCHLIB New Library=K60-mainboard-v3.1.SCHLIB
Change Component Library : Designator=D3 Old Library=常用器件.SCHLIB New Library=K60-mainboard-v3.1.SCHLIB
Added Component: Designator=C10(0805C)
Added Component: Designator=C11(0805C)
Added Component: Designator=C15(CAP-MLCC-0603)
Added Component: Designator=D5(0805D)
Added Component: Designator=R6(RES-0603)
Added Component: Designator=R7(RES-0603)
Added Component: Designator=R8(RES-0603)
Added Component: Designator=R9(RES-0603)
Added Component: Designator=R10(RES-0603)
Added Component: Designator=R11(RES-0603)
Added Component: Designator=R16(RES-0603)
Added Component: Designator=R17(RES-0603)
Added Component: Designator=R18(RES-0603)
Added Pin To Net: NetName=BLDCA Pin=C6-1
Added Pin To Net: NetName=PGND Pin=C7-1
Added Pin To Net: NetName=12V Pin=C7-2
Added Pin To Net: NetName=BLDCB Pin=C10-1
Added Pin To Net: NetName=BLDCC Pin=C11-1
Added Pin To Net: NetName=PGND Pin=C15-1
Added Pin To Net: NetName=12V Pin=D2-A
Added Pin To Net: NetName=12V Pin=D5-A
Added Pin To Net: NetName=AH Pin=R6-2
Added Pin To Net: NetName=BH Pin=R7-2
Added Pin To Net: NetName=CH Pin=R8-2
Added Pin To Net: NetName=12V Pin=R9-2
Added Pin To Net: NetName=AL Pin=R10-2
Added Pin To Net: NetName=BL Pin=R11-2
Added Pin To Net: NetName=CL Pin=R16-2
Added Pin To Net: NetName=IA Pin=R17-1
Added Pin To Net: NetName=PGND Pin=R18-2
Change Net Name : Old Net Name=12V New Net Name=15V
Added Pin To Net: NetName=12V Pin=R31-2
Added Net: Name=12V
Added Pin To Net: NetName=AHIN Pin=Core1-42
Added Net: Name=AHIN
Added Pin To Net: NetName=ALIN Pin=Core1-49
Added Net: Name=ALIN
Added Pin To Net: NetName=BHIN Pin=Core1-41
Added Net: Name=BHIN
Added Pin To Net: NetName=BLIN Pin=Core1-48
Added Net: Name=BLIN
Added Pin To Net: NetName=CHIN Pin=Core1-40
Added Net: Name=CHIN
Added Pin To Net: NetName=CLIN Pin=Core1-47
Added Net: Name=CLIN
Added Net: Name=EN
Added Net: Name=FAULT
Added Pin To Net: NetName=ITRIP Pin=R17-2
Added Pin To Net: NetName=ITRIP Pin=R18-1
Added Net: Name=ITRIP
Added Pin To Net: NetName=Net*_11 Pin=C15-2
Added Pin To Net: NetName=Net*_11 Pin=R9-1
Added Net: Name=Net*_11
Added Pin To Net: NetName=Net*_20 Pin=C11-2
Added Pin To Net: NetName=Net*_20 Pin=D5-K
Added Net: Name=Net*_20
Added Pin To Net: NetName=Net*_24 Pin=C10-2
Added Pin To Net: NetName=Net*_24 Pin=D2-K
Added Net: Name=Net*_24
Added Pin To Net: NetName=Net*_28 Pin=C6-2
Added Pin To Net: NetName=Net*_28 Pin=D3-K
Added Net: Name=Net*_28
Added Pin To Net: NetName=NetQAH1_G Pin=QAH1-G
Added Pin To Net: NetName=NetQAH1_G Pin=R6-1
Added Net: Name=NetQAH1_G
Added Pin To Net: NetName=NetQAL1_G Pin=QAL1-G
Added Pin To Net: NetName=NetQAL1_G Pin=R10-1
Added Net: Name=NetQAL1_G
Added Pin To Net: NetName=NetQBH1_G Pin=QBH1-G
Added Pin To Net: NetName=NetQBH1_G Pin=R7-1
Added Net: Name=NetQBH1_G
Added Pin To Net: NetName=NetQBL1_G Pin=QBL1-G
Added Pin To Net: NetName=NetQBL1_G Pin=R11-1
Added Net: Name=NetQBL1_G
Added Pin To Net: NetName=NetQCH1_G Pin=QCH1-G
Added Pin To Net: NetName=NetQCH1_G Pin=R8-1
Added Net: Name=NetQCH1_G
Added Pin To Net: NetName=NetQCL1_G Pin=QCL1-G
Added Pin To Net: NetName=NetQCL1_G Pin=R16-1
Added Net: Name=NetQCL1_G
Added Member To Class: ClassName=Sheet1 Member=Component C10 Cap
Added Member To Class: ClassName=Sheet1 Member=Component C11 Cap
Added Member To Class: ClassName=Sheet1 Member=Component C15 Cap
Added Member To Class: ClassName=Sheet1 Member=Component D5 Diode
Added Member To Class: ClassName=Sheet1 Member=Component R6 Res1
Added Member To Class: ClassName=Sheet1 Member=Component R7 Res1
Added Member To Class: ClassName=Sheet1 Member=Component R8 Res1
Added Member To Class: ClassName=Sheet1 Member=Component R9 Res1
Added Member To Class: ClassName=Sheet1 Member=Component R10 Res1
Added Member To Class: ClassName=Sheet1 Member=Component R11 Res1
Added Member To Class: ClassName=Sheet1 Member=Component R16 Res1
Added Member To Class: ClassName=Sheet1 Member=Component R17 Res1
Added Member To Class: ClassName=Sheet1 Member=Component R18 Res1
Added Room: Name=Sheet1
