Added Component: Designator=1(LM27313)
Added Component: Designator=3(0805D)
Added Component: Designator=4(0805D)
Added Component: Designator=5(0805D)
Added Component: Designator=AEN1(0805D)
Added Component: Designator=BEN1(0805D)
Added Component: Designator=C13(6032C)
Added Component: Designator=C14(6032C)
Added Component: Designator=CEN1(0805D)
Added Component: Designator=Core1(STM32F103Small)
Added Component: Designator=D1(0805D)
Added Component: Designator=D2(0805D)
Added Component: Designator=D3(0805D)
Added Component: Designator=D4(SS34)
Added Component: Designator=L1(CD52)
Added Component: Designator=L2(CD52)
Added Component: Designator=QAH1(LR7843)
Added Component: Designator=QAL1(LR7843)
Added Component: Designator=QBH1(LR7843)
Added Component: Designator=QBL1(LR7843)
Added Component: Designator=QCH1(LR7843)
Added Component: Designator=QCL1(LR7843)
Added Component: Designator=RA1(2512R)
Added Component: Designator=RB1(2512R)
Added Component: Designator=RC1(2512R)
Added Component: Designator=TPS1(TPS5430)
Added Component: Designator=U1(LM1117)
Added Pin To Net: NetName=Net1_1 Pin=1-1
Added Pin To Net: NetName=PGND Pin=1-2
Added Pin To Net: NetName=Net1_3 Pin=1-3
Added Pin To Net: NetName=Net1_4 Pin=1-4
Added Pin To Net: NetName=5V Pin=1-5
Added Pin To Net: NetName=Net3_A Pin=3-A
Added Pin To Net: NetName=PGND Pin=3-K
Added Pin To Net: NetName=Net4_A Pin=4-A
Added Pin To Net: NetName=PGND Pin=4-K
Added Pin To Net: NetName=Net5_A Pin=5-A
Added Pin To Net: NetName=PGND Pin=5-K
Added Pin To Net: NetName=NetAEN1_A Pin=AEN1-A
Added Pin To Net: NetName=AEN Pin=AEN1-K
Added Pin To Net: NetName=NetBEN1_A Pin=BEN1-A
Added Pin To Net: NetName=BEN Pin=BEN1-K
Added Pin To Net: NetName=5V Pin=C13-1
Added Pin To Net: NetName=GND Pin=C13-2
Added Pin To Net: NetName=3.3V Pin=C14-1
Added Pin To Net: NetName=GND Pin=C14-2
Added Pin To Net: NetName=NetCEN1_A Pin=CEN1-A
Added Pin To Net: NetName=CEN Pin=CEN1-K
Added Pin To Net: NetName=3.3V Pin=Core1-1
Added Pin To Net: NetName=3.3V Pin=Core1-2
Added Pin To Net: NetName=GND Pin=Core1-4
Added Pin To Net: NetName=GND Pin=Core1-5
Added Pin To Net: NetName=CHANGEC Pin=Core1-6
Added Pin To Net: NetName=CHANGEB Pin=Core1-7
Added Pin To Net: NetName=CHANGEA Pin=Core1-8
Added Pin To Net: NetName=CL Pin=Core1-10
Added Pin To Net: NetName=CH Pin=Core1-11
Added Pin To Net: NetName=BL Pin=Core1-12
Added Pin To Net: NetName=BH Pin=Core1-13
Added Pin To Net: NetName=AL Pin=Core1-17
Added Pin To Net: NetName=AH Pin=Core1-18
Added Pin To Net: NetName=IA2 Pin=Core1-19
Added Pin To Net: NetName=IB2 Pin=Core1-20
Added Pin To Net: NetName=IC2 Pin=Core1-21
Added Pin To Net: NetName=HALL_A Pin=Core1-27
Added Pin To Net: NetName=HALL_B Pin=Core1-28
Added Pin To Net: NetName=HALL_C Pin=Core1-29
Added Pin To Net: NetName=CAN_TX Pin=Core1-38
Added Pin To Net: NetName=CAN_RX Pin=Core1-39
Added Pin To Net: NetName=RXD Pin=Core1-40
Added Pin To Net: NetName=TXD Pin=Core1-41
Added Pin To Net: NetName=Net1_1 Pin=D1-A
Added Pin To Net: NetName=12V Pin=D1-K
Added Pin To Net: NetName=NetC7_2 Pin=D2-A
Added Pin To Net: NetName=36V Pin=D2-K
Added Pin To Net: NetName=12V Pin=D3-A
Added Pin To Net: NetName=NetC7_2 Pin=D3-K
Added Pin To Net: NetName=PGND Pin=D4-A
Added Pin To Net: NetName=NetC1_2 Pin=D4-K
Added Pin To Net: NetName=5V Pin=L1-1
Added Pin To Net: NetName=Net1_1 Pin=L1-2
Added Pin To Net: NetName=NetC1_2 Pin=L2-1
Added Pin To Net: NetName=5V Pin=L2-2
Added Pin To Net: NetName=24V Pin=QAH1-D
Added Pin To Net: NetName=NetQ1_3 Pin=QAH1-G
Added Pin To Net: NetName=BLDCA Pin=QAH1-S
Added Pin To Net: NetName=BLDCA Pin=QAL1-D
Added Pin To Net: NetName=NetQ4_3 Pin=QAL1-G
Added Pin To Net: NetName=IA Pin=QAL1-S
Added Pin To Net: NetName=24V Pin=QBH1-D
Added Pin To Net: NetName=NetQ2_3 Pin=QBH1-G
Added Pin To Net: NetName=BLDCB Pin=QBH1-S
Added Pin To Net: NetName=BLDCB Pin=QBL1-D
Added Pin To Net: NetName=NetQ5_3 Pin=QBL1-G
Added Pin To Net: NetName=IB Pin=QBL1-S
Added Pin To Net: NetName=24V Pin=QCH1-D
Added Pin To Net: NetName=NetQ3_3 Pin=QCH1-G
Added Pin To Net: NetName=BLDCC Pin=QCH1-S
Added Pin To Net: NetName=BLDCC Pin=QCL1-D
Added Pin To Net: NetName=NetQ6_3 Pin=QCL1-G
Added Pin To Net: NetName=IC Pin=QCL1-S
Added Pin To Net: NetName=PGND Pin=RA1-1
Added Pin To Net: NetName=IA Pin=RA1-2
Added Pin To Net: NetName=PGND Pin=RB1-1
Added Pin To Net: NetName=IB Pin=RB1-2
Added Pin To Net: NetName=PGND Pin=RC1-1
Added Pin To Net: NetName=IC Pin=RC1-2
Added Pin To Net: NetName=NetC1_1 Pin=TPS1-1
Added Pin To Net: NetName=NetR1_1 Pin=TPS1-4
Added Pin To Net: NetName=PGND Pin=TPS1-6
Added Pin To Net: NetName=24V Pin=TPS1-7
Added Pin To Net: NetName=NetC1_2 Pin=TPS1-8
Added Pin To Net: NetName=PGND Pin=TPS1-9
Added Pin To Net: NetName=GND Pin=U1-1
Added Pin To Net: NetName=3.3V Pin=U1-2
Added Pin To Net: NetName=5V Pin=U1-3
Added Member To Class: ClassName=Sheet1 Member=Component 1 LM27313
Added Member To Class: ClassName=Sheet1 Member=Component 3 lED
Added Member To Class: ClassName=Sheet1 Member=Component 4 lED
Added Member To Class: ClassName=Sheet1 Member=Component 5 lED
Added Member To Class: ClassName=Sheet1 Member=Component AEN1 lED
Added Member To Class: ClassName=Sheet1 Member=Component BEN1 lED
Added Member To Class: ClassName=Sheet1 Member=Component C13 Cap Pol
Added Member To Class: ClassName=Sheet1 Member=Component C14 Cap Pol
Added Member To Class: ClassName=Sheet1 Member=Component CEN1 lED
Added Member To Class: ClassName=Sheet1 Member=Component Core1 STM32F103 SMALL
Added Member To Class: ClassName=Sheet1 Member=Component D1 1N5819
Added Member To Class: ClassName=Sheet1 Member=Component D2 1N5819
Added Member To Class: ClassName=Sheet1 Member=Component D3 1N5819
Added Member To Class: ClassName=Sheet1 Member=Component D4 Diode
Added Member To Class: ClassName=Sheet1 Member=Component L1 Inductor
Added Member To Class: ClassName=Sheet1 Member=Component L2 Inductor
Added Member To Class: ClassName=Sheet1 Member=Component QAH1 LR7843
Added Member To Class: ClassName=Sheet1 Member=Component QAL1 LR7843
Added Member To Class: ClassName=Sheet1 Member=Component QBH1 LR7843
Added Member To Class: ClassName=Sheet1 Member=Component QBL1 LR7843
Added Member To Class: ClassName=Sheet1 Member=Component QCH1 LR7843
Added Member To Class: ClassName=Sheet1 Member=Component QCL1 LR7843
Added Member To Class: ClassName=Sheet1 Member=Component RA1 Res1
Added Member To Class: ClassName=Sheet1 Member=Component RB1 Res1
Added Member To Class: ClassName=Sheet1 Member=Component RC1 Res1
Added Member To Class: ClassName=Sheet1 Member=Component TPS1 TPS5430
Added Member To Class: ClassName=Sheet1 Member=Component U1 tlv1117-3.3
