Added Component: Designator=LED(5050LED)
Added Component: Designator=Q5(SOT-23B_N)
Added Component: Designator=Q6(SOT-23B_N)
Added Component: Designator=Q(SOT-23B_N)
Added Component: Designator=R21(RES-0603)
Added Component: Designator=R22(RES-0603)
Added Component: Designator=R23(RES-0603)
Added Component: Designator=R34(RES-0603)
Added Component: Designator=R35(RES-0603)
Added Component: Designator=R(RES-0603)
Added Pin To Net: NetName=5V Pin=LED-A1
Added Pin To Net: NetName=5V Pin=LED-A2
Added Pin To Net: NetName=5V Pin=LED-A3
Added Pin To Net: NetName=PGND Pin=Q5-2
Added Pin To Net: NetName=PGND Pin=Q6-2
Added Pin To Net: NetName=PGND Pin=Q-2
Added Pin To Net: NetName=LED1 Pin=R35-2
Added Net: Name=LED1
Added Pin To Net: NetName=LED2 Pin=R34-2
Added Net: Name=LED2
Added Pin To Net: NetName=LED3 Pin=R23-2
Added Net: Name=LED3
Added Pin To Net: NetName=NetLED_K1 Pin=LED-K1
Added Pin To Net: NetName=NetLED_K1 Pin=R-2
Added Net: Name=NetLED_K1
Added Pin To Net: NetName=NetLED_K2 Pin=LED-K2
Added Pin To Net: NetName=NetLED_K2 Pin=R21-2
Added Net: Name=NetLED_K2
Added Pin To Net: NetName=NetLED_K3 Pin=LED-K3
Added Pin To Net: NetName=NetLED_K3 Pin=R22-2
Added Net: Name=NetLED_K3
Added Pin To Net: NetName=NetQ5_1 Pin=Q5-1
Added Pin To Net: NetName=NetQ5_1 Pin=R34-1
Added Net: Name=NetQ5_1
Added Pin To Net: NetName=NetQ5_3 Pin=Q5-3
Added Pin To Net: NetName=NetQ5_3 Pin=R21-1
Added Net: Name=NetQ5_3
Added Pin To Net: NetName=NetQ6_1 Pin=Q6-1
Added Pin To Net: NetName=NetQ6_1 Pin=R35-1
Added Net: Name=NetQ6_1
Added Pin To Net: NetName=NetQ6_3 Pin=Q6-3
Added Pin To Net: NetName=NetQ6_3 Pin=R22-1
Added Net: Name=NetQ6_3
Added Pin To Net: NetName=NetQ_1 Pin=Q-1
Added Pin To Net: NetName=NetQ_1 Pin=R23-1
Added Net: Name=NetQ_1
Added Pin To Net: NetName=NetQ_3 Pin=Q-3
Added Pin To Net: NetName=NetQ_3 Pin=R-1
Added Net: Name=NetQ_3
Added Member To Class: ClassName=Sheet1 Member=Component LED 5050 LED
Added Member To Class: ClassName=Sheet1 Member=Component Q5 8050
Added Member To Class: ClassName=Sheet1 Member=Component Q6 8050
Added Member To Class: ClassName=Sheet1 Member=Component Q 8050
Added Member To Class: ClassName=Sheet1 Member=Component R21 Res1
Added Member To Class: ClassName=Sheet1 Member=Component R22 Res1
Added Member To Class: ClassName=Sheet1 Member=Component R23 Res1
Added Member To Class: ClassName=Sheet1 Member=Component R34 Res1
Added Member To Class: ClassName=Sheet1 Member=Component R35 Res1
Added Member To Class: ClassName=Sheet1 Member=Component R Res1
