Change Component Designator: Old Designator=1 New Designator=6
Change Component Designator: Old Designator=2 New Designator=1
Change Component Designator: Old Designator=3 New Designator=2
Change Component Designator: Old Designator=3 New Designator=2
Change Component Designator: Old Designator=3 New Designator=2
Change Component Designator: Old Designator=5V New Designator=5
Change Component Designator: Old Designator=12V New Designator=3
Change Component Designator: Old Designator=24V New Designator=4
Change Component Designator: Old Designator=AEN New Designator=AEN1
Change Component Designator: Old Designator=BEN New Designator=BEN1
Change Component Designator: Old Designator=C1 New Designator=C17
Change Component Designator: Old Designator=C2 New Designator=C5
Change Component Designator: Old Designator=C3 New Designator=C1
Change Component Designator: Old Designator=C4 New Designator=C3
Change Component Designator: Old Designator=C5 New Designator=C2
Change Component Designator: Old Designator=C6 New Designator=C4
Change Component Designator: Old Designator=C7 New Designator=C8
Change Component Designator: Old Designator=C8 New Designator=C9
Change Component Designator: Old Designator=C9 New Designator=C13
Change Component Designator: Old Designator=C10 New Designator=C14
Change Component Designator: Old Designator=C11 New Designator=C15
Change Component Designator: Old Designator=C12 New Designator=C16
Change Component Designator: Old Designator=C13 New Designator=C7
Change Component Designator: Old Designator=C19 New Designator=C10
Change Component Designator: Old Designator=C20 New Designator=C11
Change Component Designator: Old Designator=C21 New Designator=C12
Change Component Designator: Old Designator=C? New Designator=C6
Change Component Designator: Old Designator=CEN New Designator=CEN1
Change Component Designator: Old Designator=D1 New Designator=D2
Change Component Designator: Old Designator=D1 New Designator=D3
Change Component Designator: Old Designator=D2 New Designator=D4
Change Component Designator: Old Designator=LM324 New Designator=LM1
Change Component Designator: Old Designator=LM324 New Designator=LM1
Change Component Designator: Old Designator=LM324 New Designator=LM1
Change Component Designator: Old Designator=Q? New Designator=Q1
Change Component Designator: Old Designator=Q? New Designator=Q2
Change Component Designator: Old Designator=Q? New Designator=Q3
Change Component Designator: Old Designator=Q? New Designator=Q4
Change Component Designator: Old Designator=Q? New Designator=Q5
Change Component Designator: Old Designator=Q? New Designator=Q6
Change Component Designator: Old Designator=QAH1 New Designator=QAH2
Change Component Designator: Old Designator=QAH1 New Designator=QAH3
Change Component Designator: Old Designator=QAL1 New Designator=QAL2
Change Component Designator: Old Designator=QAL1 New Designator=QAL3
Change Component Designator: Old Designator=R1 New Designator=R42
Change Component Designator: Old Designator=R6 New Designator=R30
Change Component Designator: Old Designator=R7 New Designator=R37
Change Component Designator: Old Designator=R8 New Designator=R38
Change Component Designator: Old Designator=R9 New Designator=R39
Change Component Designator: Old Designator=R10 New Designator=R40
Change Component Designator: Old Designator=R11 New Designator=R41
Change Component Designator: Old Designator=R12 New Designator=R2
Change Component Designator: Old Designator=R13 New Designator=R3
Change Component Designator: Old Designator=R15 New Designator=R1
Change Component Designator: Old Designator=R16 New Designator=R5
Change Component Designator: Old Designator=R16 New Designator=R6
Change Component Designator: Old Designator=R16 New Designator=R7
Change Component Designator: Old Designator=R16 New Designator=R8
Change Component Designator: Old Designator=R16 New Designator=R9
Change Component Designator: Old Designator=R16 New Designator=R10
Change Component Designator: Old Designator=R16 New Designator=R11
Change Component Designator: Old Designator=R16 New Designator=R17
Change Component Designator: Old Designator=R16 New Designator=R18
Change Component Designator: Old Designator=R16 New Designator=R21
Change Component Designator: Old Designator=R16 New Designator=R22
Change Component Designator: Old Designator=R16 New Designator=R23
Change Component Designator: Old Designator=R17 New Designator=R4
Change Component Designator: Old Designator=R18 New Designator=R31
Change Component Designator: Old Designator=R19 New Designator=R33
Change Component Designator: Old Designator=R20 New Designator=R34
Change Component Designator: Old Designator=R21 New Designator=R35
Change Component Designator: Old Designator=R22 New Designator=R36
Change Component Designator: Old Designator=R23 New Designator=R12
Change Component Designator: Old Designator=R24 New Designator=R13
Change Component Designator: Old Designator=R25 New Designator=R14
Change Component Designator: Old Designator=R26 New Designator=R15
Change Component Designator: Old Designator=R27 New Designator=R19
Change Component Designator: Old Designator=R28 New Designator=R20
Change Component Designator: Old Designator=R29 New Designator=R24
Change Component Designator: Old Designator=R30 New Designator=R25
Change Component Designator: Old Designator=R31 New Designator=R26
Change Component Designator: Old Designator=R32 New Designator=R27
Change Component Designator: Old Designator=R33 New Designator=R28
Change Component Designator: Old Designator=R34 New Designator=R29
Change Component Designator: Old Designator=R35 New Designator=R32
Change Component Designator: Old Designator=RA New Designator=RA1
Change Component Designator: Old Designator=RA New Designator=RA2
Change Component Designator: Old Designator=RA New Designator=RA3
Change Component Designator: Old Designator=RIA1 New Designator=RIA2
Change Component Designator: Old Designator=RIA New Designator=RIA1
